#
# There is insufficient memory for the Java Runtime Environment to continue.
# Native memory allocation (mmap) failed to map 62914560 bytes. Error detail: G1 virtual space
# Possible reasons:
#   The system is out of physical RAM or swap space
#   This process is running with CompressedOops enabled, and the Java Heap may be blocking the growth of the native heap
# Possible solutions:
#   Reduce memory load on the system
#   Increase physical memory or swap space
#   Check if swap backing store is full
#   Decrease Java heap size (-Xmx/-Xms)
#   Decrease number of Java threads
#   Decrease Java thread stack sizes (-Xss)
#   Set larger code cache with -XX:ReservedCodeCacheSize=
#   JVM is running with Unscaled Compressed Oops mode in which the Java heap is
#     placed in the first 4GB address space. The Java Heap base address is the
#     maximum limit for the native heap growth. Please use -XX:HeapBaseMinAddress
#     to set the Java Heap base and to place the Java Heap above 4GB virtual address.
# This output file may be truncated or incomplete.
#
#  Out of Memory Error (os_windows.cpp:3614), pid=2188, tid=14584
#
# JRE version:  (17.0.13+11) (build )
# Java VM: OpenJDK 64-Bit Server VM (17.0.13+11, mixed mode, sharing, tiered, compressed oops, compressed class ptrs, g1 gc, windows-amd64)
# No core dump will be written. Minidumps are not enabled by default on client versions of Windows
#

---------------  S U M M A R Y ------------

Command Line: 

Host: Intel(R) Celeron(R) N4020 CPU @ 1.10GHz, 2 cores, 3G,  Windows 11 , 64 bit Build 26100 (10.0.26100.3912)
Time: Mon May  5 15:26:29 2025 South Africa Standard Time elapsed time: 1.884940 seconds (0d 0h 0m 1s)

---------------  T H R E A D  ---------------

Current thread (0x000001a883983330):  JavaThread "Unknown thread" [_thread_in_vm, id=14584, stack(0x0000005177600000,0x0000005177700000)]

Stack: [0x0000005177600000,0x0000005177700000]
Native frames: (J=compiled Java code, j=interpreted, Vv=VM code, C=native code)
V  [jvm.dll+0x682a19]
V  [jvm.dll+0x839538]
V  [jvm.dll+0x83afe3]
V  [jvm.dll+0x83b653]
V  [jvm.dll+0x24704f]
V  [jvm.dll+0x67f809]
V  [jvm.dll+0x6746fa]
V  [jvm.dll+0x304a96]
V  [jvm.dll+0x30bf56]
V  [jvm.dll+0x35da5e]
V  [jvm.dll+0x35dc9d]
V  [jvm.dll+0x2dbe5c]
V  [jvm.dll+0x2dcd74]
V  [jvm.dll+0x80b44b]
V  [jvm.dll+0x36b491]
V  [jvm.dll+0x7e9e3f]
V  [jvm.dll+0x3f1d7f]
V  [jvm.dll+0x3f38b1]
C  [jli.dll+0x5278]
C  [ucrtbase.dll+0x37b0]
C  [KERNEL32.DLL+0x2e8d7]
C  [ntdll.dll+0x9c5dc]


---------------  P R O C E S S  ---------------

Threads class SMR info:
_java_thread_list=0x00007ffb87187f58, length=0, elements={
}

Java Threads: ( => current thread )

Other Threads:
  0x000001a8839bf3c0 GCTaskThread "GC Thread#0" [stack: 0x0000005177700000,0x0000005177800000] [id=17168]
  0x000001a8839c7810 ConcurrentGCThread "G1 Main Marker" [stack: 0x0000005177800000,0x0000005177900000] [id=7024]
  0x000001a8839c8f00 ConcurrentGCThread "G1 Conc#0" [stack: 0x0000005177900000,0x0000005177a00000] [id=21640]

[error occurred during error reporting (printing all threads), id 0xc0000005, EXCEPTION_ACCESS_VIOLATION (0xc0000005) at pc=0x00007ffb8693c987]

VM state: not at safepoint (not fully initialized)

VM Mutex/Monitor currently owned by a thread:  ([mutex/lock_event])
[0x000001a88397f4a0] Heap_lock - owner thread: 0x000001a883983330

Heap address: 0x00000000c5800000, size: 936 MB, Compressed Oops mode: 32-bit

CDS archive(s) mapped at: [0x0000000000000000-0x0000000000000000-0x0000000000000000), size 0, SharedBaseAddress: 0x0000000800000000, ArchiveRelocationMode: 1.
Narrow klass base: 0x0000000000000000, Narrow klass shift: 0, Narrow klass range: 0x0

GC Precious Log:
<Empty>

Heap:
 garbage-first heap   total 0K, used 0K [0x00000000c5800000, 0x0000000100000000)
  region size 1024K, 0 young (0K), 0 survivors (0K)

[error occurred during error reporting (printing heap information), id 0xc0000005, EXCEPTION_ACCESS_VIOLATION (0xc0000005) at pc=0x00007ffb86d2c179]

GC Heap History (0 events):
No events

Dll operation events (1 events):
Event: 0.468 Loaded shared library C:\Program Files\Eclipse Adoptium\jdk-17.0.13.11-hotspot\bin\java.dll

Deoptimization events (0 events):
No events

Classes loaded (0 events):
No events

Classes unloaded (0 events):
No events

Classes redefined (0 events):
No events

Internal exceptions (0 events):
No events

VM Operations (0 events):
No events

Memory protections (0 events):
No events

Nmethod flushes (0 events):
No events

Events (0 events):
No events


Dynamic libraries:
0x00007ff7f4bb0000 - 0x00007ff7f4bbe000 	C:\Program Files\Eclipse Adoptium\jdk-17.0.13.11-hotspot\bin\java.exe
0x00007ffc0e200000 - 0x00007ffc0e466000 	C:\WINDOWS\SYSTEM32\ntdll.dll
0x00007ffc0c650000 - 0x00007ffc0c719000 	C:\WINDOWS\System32\KERNEL32.DLL
0x00007ffc0b7c0000 - 0x00007ffc0bb8c000 	C:\WINDOWS\System32\KERNELBASE.dll
0x00007ffc0b5e0000 - 0x00007ffc0b72b000 	C:\WINDOWS\System32\ucrtbase.dll
0x00007ffbb4df0000 - 0x00007ffbb4e07000 	C:\Program Files\Eclipse Adoptium\jdk-17.0.13.11-hotspot\bin\jli.dll
0x00007ffc0d890000 - 0x00007ffc0da5a000 	C:\WINDOWS\System32\USER32.dll
0x00007ffc0b5b0000 - 0x00007ffc0b5d7000 	C:\WINDOWS\System32\win32u.dll
0x00007ffc0d220000 - 0x00007ffc0d24b000 	C:\WINDOWS\System32\GDI32.dll
0x00007ffc0bd00000 - 0x00007ffc0be32000 	C:\WINDOWS\System32\gdi32full.dll
0x00007ffc0bc50000 - 0x00007ffc0bcf3000 	C:\WINDOWS\System32\msvcp_win.dll
0x00007ffbb4dd0000 - 0x00007ffbb4dee000 	C:\Program Files\Eclipse Adoptium\jdk-17.0.13.11-hotspot\bin\VCRUNTIME140.dll
0x00007ffbf8250000 - 0x00007ffbf84ea000 	C:\WINDOWS\WinSxS\amd64_microsoft.windows.common-controls_6595b64144ccf1df_6.0.26100.3912_none_3e07963ce335137e\COMCTL32.dll
0x00007ffc0ca40000 - 0x00007ffc0cae9000 	C:\WINDOWS\System32\msvcrt.dll
0x00007ffc0bfe0000 - 0x00007ffc0c010000 	C:\WINDOWS\System32\IMM32.DLL
0x00007ffbdd7e0000 - 0x00007ffbdd7ec000 	C:\Program Files\Eclipse Adoptium\jdk-17.0.13.11-hotspot\bin\vcruntime140_1.dll
0x00007ffbb4d40000 - 0x00007ffbb4dcd000 	C:\Program Files\Eclipse Adoptium\jdk-17.0.13.11-hotspot\bin\msvcp140.dll
0x00007ffb86650000 - 0x00007ffb872bb000 	C:\Program Files\Eclipse Adoptium\jdk-17.0.13.11-hotspot\bin\server\jvm.dll
0x00007ffc0c2f0000 - 0x00007ffc0c3a2000 	C:\WINDOWS\System32\ADVAPI32.dll
0x00007ffc0c240000 - 0x00007ffc0c2e6000 	C:\WINDOWS\System32\sechost.dll
0x00007ffc0c420000 - 0x00007ffc0c536000 	C:\WINDOWS\System32\RPCRT4.dll
0x00007ffc0dfd0000 - 0x00007ffc0e044000 	C:\WINDOWS\System32\WS2_32.dll
0x00007ffc09fe0000 - 0x00007ffc0a03e000 	C:\WINDOWS\SYSTEM32\POWRPROF.dll
0x00007ffbf89a0000 - 0x00007ffbf89d6000 	C:\WINDOWS\SYSTEM32\WINMM.dll
0x00007ffbfeac0000 - 0x00007ffbfeacb000 	C:\WINDOWS\SYSTEM32\VERSION.dll
0x00007ffc09fc0000 - 0x00007ffc09fd4000 	C:\WINDOWS\SYSTEM32\UMPDC.dll
0x00007ffc0a1d0000 - 0x00007ffc0a1ea000 	C:\WINDOWS\SYSTEM32\kernel.appcore.dll
0x00007ffbdd360000 - 0x00007ffbdd36a000 	C:\Program Files\Eclipse Adoptium\jdk-17.0.13.11-hotspot\bin\jimage.dll
0x00007ffc08a20000 - 0x00007ffc08c61000 	C:\WINDOWS\SYSTEM32\DBGHELP.DLL
0x00007ffc0da60000 - 0x00007ffc0dde4000 	C:\WINDOWS\System32\combase.dll
0x00007ffc0d250000 - 0x00007ffc0d330000 	C:\WINDOWS\System32\OLEAUT32.dll
0x00007ffbf1f90000 - 0x00007ffbf1fc9000 	C:\WINDOWS\SYSTEM32\dbgcore.DLL
0x00007ffc0b390000 - 0x00007ffc0b429000 	C:\WINDOWS\System32\bcryptPrimitives.dll
0x00007ffbb4d10000 - 0x00007ffbb4d35000 	C:\Program Files\Eclipse Adoptium\jdk-17.0.13.11-hotspot\bin\java.dll

dbghelp: loaded successfully - version: 4.0.5 - missing functions: none
symbol engine: initialized successfully - sym options: 0x614 - pdb path: .;C:\Program Files\Eclipse Adoptium\jdk-17.0.13.11-hotspot\bin;C:\WINDOWS\SYSTEM32;C:\WINDOWS\WinSxS\amd64_microsoft.windows.common-controls_6595b64144ccf1df_6.0.26100.3912_none_3e07963ce335137e;C:\Program Files\Eclipse Adoptium\jdk-17.0.13.11-hotspot\bin\server

VM Arguments:
java_command: <unknown>
java_class_path (initial): <not set>
Launcher Type: SUN_STANDARD

[Global flags]
     intx CICompilerCount                          = 2                                         {product} {ergonomic}
     uint ConcGCThreads                            = 1                                         {product} {ergonomic}
     uint G1ConcRefinementThreads                  = 2                                         {product} {ergonomic}
   size_t G1HeapRegionSize                         = 1048576                                   {product} {ergonomic}
    uintx GCDrainStackTargetSize                   = 64                                        {product} {ergonomic}
   size_t InitialHeapSize                          = 62914560                                  {product} {ergonomic}
   size_t MarkStackSize                            = 4194304                                   {product} {ergonomic}
   size_t MaxHeapSize                              = 981467136                                 {product} {ergonomic}
   size_t MinHeapDeltaBytes                        = 1048576                                   {product} {ergonomic}
   size_t MinHeapSize                              = 8388608                                   {product} {ergonomic}
    uintx NonNMethodCodeHeapSize                   = 5826188                                {pd product} {ergonomic}
    uintx NonProfiledCodeHeapSize                  = 122916026                              {pd product} {ergonomic}
    uintx ProfiledCodeHeapSize                     = 122916026                              {pd product} {ergonomic}
    uintx ReservedCodeCacheSize                    = 251658240                              {pd product} {ergonomic}
     bool SegmentedCodeCache                       = true                                      {product} {ergonomic}
   size_t SoftMaxHeapSize                          = 981467136                              {manageable} {ergonomic}
     bool UseCompressedClassPointers               = true                           {product lp64_product} {ergonomic}
     bool UseCompressedOops                        = true                           {product lp64_product} {ergonomic}
     bool UseG1GC                                  = true                                      {product} {ergonomic}
     bool UseLargePagesIndividualAllocation        = false                                  {pd product} {ergonomic}

Logging:
Log output configuration:
 #0: stdout all=warning uptime,level,tags
 #1: stderr all=off uptime,level,tags

Environment Variables:
JAVA_HOME=C:\Program Files\Eclipse Adoptium\jdk-17.0.13.11-hotspot\
PATH=C:\Program Files\Eclipse Adoptium\jdk-17.0.13.11-hotspot\bin;C:\Program Files\Python312\Scripts\;C:\Program Files\Python312\;C:\WINDOWS\system32;C:\WINDOWS;C:\WINDOWS\System32\Wbem;C:\WINDOWS\System32\WindowsPowerShell\v1.0\;C:\WINDOWS\System32\OpenSSH\;C:\Program Files\MATLAB\R2024a\bin;C:\Users\tanak\AppData\Local\Microsoft\WindowsApps;C:\Users\tanak\AppData\Local\Programs\Microsoft VS Code\bin;C:\MinGW\bin;;C:\Program Files\JetBrains\IntelliJ IDEA Community Edition 2024.3\bin;
USERNAME=tanak
OS=Windows_NT
PROCESSOR_IDENTIFIER=Intel64 Family 6 Model 122 Stepping 8, GenuineIntel
TMP=C:\Users\tanak\AppData\Local\Temp
TEMP=C:\Users\tanak\AppData\Local\Temp



Periodic native trim disabled


---------------  S Y S T E M  ---------------

OS:
 Windows 11 , 64 bit Build 26100 (10.0.26100.3912)
OS uptime: 0 days 22:33 hours

CPU: total 2 (initial active 2) (2 cores per cpu, 1 threads per core) family 6 model 122 stepping 8 microcode 0x20, cx8, cmov, fxsr, mmx, 3dnowpref, sse, sse2, sse3, ssse3, sse4.1, sse4.2, popcnt, tsc, tscinvbit, aes, erms, clmul, sha, clflush, clflushopt
Processor Information for all 2 processors :
  Max Mhz: 1101, Current Mhz: 1101, Mhz Limit: 1101

Memory: 4k page, system-wide physical 3737M (189M free)
TotalPageFile size 15001M (AvailPageFile size 9M)
current process WorkingSet (physical memory assigned to process): 11M, peak: 11M
current process commit charge ("private bytes"): 47M, peak: 107M

vm_info: OpenJDK 64-Bit Server VM (17.0.13+11) for windows-amd64 JRE (17.0.13+11), built on Oct 16 2024 00:10:08 by "admin" with MS VC++ 17.7 (VS2022)

END.
